0 info it worked if it ends with ok
1 verbose cli [ '/usr/local/bin/node',
1 verbose cli   '/usr/local/bin/npm',
1 verbose cli   '--no-git-tag-version',
1 verbose cli   'version',
1 verbose cli   '3.0.0',
1 verbose cli   '--message',
1 verbose cli   '[release] 3.0.0 v3.0.0' ]
2 info using npm@3.10.10
3 info using node@v6.11.3
4 verbose stack Error: Version not changed
4 verbose stack     at persistVersion (/usr/local/lib/node_modules/npm/lib/version.js:92:47)
4 verbose stack     at /usr/local/lib/node_modules/npm/lib/version.js:47:7
4 verbose stack     at /usr/local/lib/node_modules/npm/lib/version.js:119:5
4 verbose stack     at /usr/local/lib/node_modules/npm/node_modules/graceful-fs/graceful-fs.js:78:16
4 verbose stack     at FSReqWrap.readFileAfterClose [as oncomplete] (fs.js:447:3)
5 verbose cwd /Users/haolchen/Documents/__self__/parse7
6 error Darwin 16.7.0
7 error argv "/usr/local/bin/node" "/usr/local/bin/npm" "--no-git-tag-version" "version" "3.0.0" "--message" "[release] 3.0.0 v3.0.0"
8 error node v6.11.3
9 error npm  v3.10.10
10 error Version not changed
11 error If you need help, you may report this error at:
11 error     <https://github.com/npm/npm/issues>
12 verbose exit [ 1, true ]
